Using pre-set license
Built from '2021.1/staging' branch; Version is '2021.1.26f1 (6f076387c01d) revision 7276387'; Using compiler version '192528614'; Build Type 'Release'
OS: 'Windows 10 Home; OS build 19043.1586; Version 2009; 64bit' Language: 'en' Physical Memory: 16326 MB
BatchMode: 1, IsHumanControllingUs: 0, StartBugReporterOnCrash: 0, Is64bit: 1, IsPro: 0

COMMAND LINE ARGUMENTS:
C:\Program Files\Unity\Hub\Editor\2021.1.26f1\Editor\Unity.exe
-adb2
-batchMode
-noUpm
-name
AssetImportWorker0
-projectPath
D:/Honours_Thesis/honours_thesis/Turtle Island
-logFile
Logs/AssetImportWorker0.log
-srvPort
56666
Successfully changed project path to: D:/Honours_Thesis/honours_thesis/Turtle Island
D:/Honours_Thesis/honours_thesis/Turtle Island
Using Asset Import Pipeline V2.
Refreshing native plugins compatible for Editor in 100.67 ms, found 3 plugins.
Preloading 0 native plugins for Editor in 0.00 ms.
Initialize engine version: 2021.1.26f1 (6f076387c01d)
[Subsystems] Discovering subsystems at path C:/Program Files/Unity/Hub/Editor/2021.1.26f1/Editor/Data/Resources/UnitySubsystems
[Subsystems] Discovering subsystems at path D:/Honours_Thesis/honours_thesis/Turtle Island/Assets
GfxDevice: creating device client; threaded=0; jobified=0
Direct3D:
    Version:  Direct3D 11.0 [level 11.1]
    Renderer: NVIDIA GeForce RTX 2060 SUPER (ID=0x1f06)
    Vendor:   NVIDIA
    VRAM:     8031 MB
    Driver:   30.0.15.1179
Initialize mono
Mono path[0] = 'C:/Program Files/Unity/Hub/Editor/2021.1.26f1/Editor/Data/Managed'
Mono path[1] = 'C:/Program Files/Unity/Hub/Editor/2021.1.26f1/Editor/Data/MonoBleedingEdge/lib/mono/unityjit'
Mono config path = 'C:/Program Files/Unity/Hub/Editor/2021.1.26f1/Editor/Data/MonoBleedingEdge/etc'
Using monoOptions --debugger-agent=transport=dt_socket,embedding=1,server=y,suspend=n,address=127.0.0.1:56624
Begin MonoManager ReloadAssembly
Registering precompiled unity dll's ...
Register platform support module: C:/Program Files/Unity/Hub/Editor/2021.1.26f1/Editor/Data/PlaybackEngines/WindowsStandaloneSupport/UnityEditor.WindowsStandalone.Extensions.dll
Registered in 0.002140 seconds.
Native extension for WindowsStandalone target not found
Refreshing native plugins compatible for Editor in 99.32 ms, found 3 plugins.
Preloading 0 native plugins for Editor in 0.00 ms.
Mono: successfully reloaded assembly
- Completed reload, in  1.165 seconds
Domain Reload Profiling:
	ReloadAssembly (1166ms)
		BeginReloadAssembly (63ms)
			ExecutionOrderSort (0ms)
			DisableScriptedObjects (0ms)
			BackupInstance (0ms)
			ReleaseScriptingObjects (0ms)
			CreateAndSetChildDomain (1ms)
		EndReloadAssembly (447ms)
			LoadAssemblies (61ms)
			RebuildTransferFunctionScriptingTraits (0ms)
			SetupTypeCache (139ms)
			ReleaseScriptCaches (0ms)
			RebuildScriptCaches (26ms)
			SetupLoadedEditorAssemblies (238ms)
				LogAssemblyErrors (0ms)
				InitializePlatformSupportModulesInManaged (5ms)
				SetLoadedEditorAssemblies (0ms)
				RefreshPlugins (99ms)
				BeforeProcessingInitializeOnLoad (1ms)
				ProcessInitializeOnLoadAttributes (105ms)
				ProcessInitializeOnLoadMethodAttributes (26ms)
				AfterProcessingInitializeOnLoad (0ms)
				EditorAssembliesLoaded (0ms)
			ExecutionOrderSort2 (0ms)
			AwakeInstancesAfterBackupRestoration (0ms)
Platform modules already initialized, skipping
Registering precompiled user dll's ...
Registered in 0.005797 seconds.
Begin MonoManager ReloadAssembly
Symbol file LoadedFromMemory doesn't match image D:\Honours_Thesis\honours_thesis\Turtle Island\Library\PackageCache\com.unity.visualscripting@1.6.1\Editor\VisualScripting.Core\Dependencies\YamlDotNet\Unity.VisualScripting.YamlDotNet.dll
Symbol file LoadedFromMemory doesn't match image D:\Honours_Thesis\honours_thesis\Turtle Island\Library\PackageCache\com.unity.visualscripting@1.6.1\Editor\VisualScripting.Core\Dependencies\DotNetZip\Unity.VisualScripting.IonicZip.dll
Native extension for WindowsStandalone target not found
Refreshing native plugins compatible for Editor in 106.94 ms, found 3 plugins.
Preloading 0 native plugins for Editor in 0.00 ms.
Mono: successfully reloaded assembly
- Completed reload, in  1.566 seconds
Domain Reload Profiling:
	ReloadAssembly (1567ms)
		BeginReloadAssembly (149ms)
			ExecutionOrderSort (0ms)
			DisableScriptedObjects (4ms)
			BackupInstance (0ms)
			ReleaseScriptingObjects (0ms)
			CreateAndSetChildDomain (20ms)
		EndReloadAssembly (1363ms)
			LoadAssemblies (119ms)
			RebuildTransferFunctionScriptingTraits (0ms)
			SetupTypeCache (358ms)
			ReleaseScriptCaches (1ms)
			RebuildScriptCaches (53ms)
			SetupLoadedEditorAssemblies (761ms)
				LogAssemblyErrors (0ms)
				InitializePlatformSupportModulesInManaged (4ms)
				SetLoadedEditorAssemblies (0ms)
				RefreshPlugins (107ms)
				BeforeProcessingInitializeOnLoad (86ms)
				ProcessInitializeOnLoadAttributes (549ms)
				ProcessInitializeOnLoadMethodAttributes (8ms)
				AfterProcessingInitializeOnLoad (7ms)
				EditorAssembliesLoaded (0ms)
			ExecutionOrderSort2 (0ms)
			AwakeInstancesAfterBackupRestoration (6ms)
Platform modules already initialized, skipping
========================================================================
Worker process is ready to serve import requests
Launched and connected shader compiler UnityShaderCompiler.exe after 0.05 seconds
Refreshing native plugins compatible for Editor in 0.85 ms, found 3 plugins.
Preloading 0 native plugins for Editor in 0.00 ms.
Unloading 4724 Unused Serialized files (Serialized files now loaded: 0)
System memory in use before: 193.7 MB.
System memory in use after: 193.8 MB.

Unloading 35 unused Assets to reduce memory usage. Loaded Objects now: 5185.
Total: 4.071600 ms (FindLiveObjects: 0.397100 ms CreateObjectMapping: 0.258500 ms MarkObjects: 3.143900 ms  DeleteObjects: 0.187400 ms)

AssetImportParameters requested are different than current active one (requested -> active):
  custom:framework-win-MediaFoundation: 216162199b28c13a410421893ffa2e32 -> 
  custom:video-decoder-ogg-theora: a1e56fd34408186e4bbccfd4996cb3dc -> 
  custom:container-muxer-webm: aa71ff27fc2769a1b78a27578f13a17b -> 
  custom:container-demuxer-webm: 4f35f7cbe854078d1ac9338744f61a02 -> 
  custom:container-demuxer-ogg: 62fdf1f143b41e24485cea50d1cbac27 -> 
  custom:video-encoder-webm-vp8: eb34c28f22e8b96e1ab97ce403110664 -> 
  custom:video-decoder-webm-vp8: 9c59270c3fd7afecdb556c50c9e8de78 -> 
  custom:audio-decoder-ogg-vorbis: bf7c407c2cedff20999df2af8eb42d56 -> 
  custom:audio-encoder-webm-vorbis: bf7c407c2cedff20999df2af8eb42d56 -> 
========================================================================
Received Import Request.
  path: Assets/Island.asset
  artifactKey: Guid(309f903c62283ab40880fdd116c95477) Importer(815301076,1909f56bfc062723c751e8b465ee728b)
Start importing Assets/Island.asset using Guid(309f903c62283ab40880fdd116c95477) Importer(815301076,1909f56bfc062723c751e8b465ee728b) The tree PP_Birch_Tree_05 must use the Nature/Soft Occlusion shader. Otherwise billboarding/lighting will not work correctly.
The tree PP_Birch_Tree_06 must use the Nature/Soft Occlusion shader. Otherwise billboarding/lighting will not work correctly.
The tree PP_Tree_02 must use the Nature/Soft Occlusion shader. Otherwise billboarding/lighting will not work correctly.
The tree PP_Tree_10 must use the Nature/Soft Occlusion shader. Otherwise billboarding/lighting will not work correctly.
 -> (artifact id: '041410bce8114f30a9d1810044a5e4d8') in 0.133254 seconds 
========================================================================
Received Import Request.
  Time since last request: 101.714726 seconds.
  path: Assets/Asset_Store/Lowpoly Nature & Village Pack/3D Models
  artifactKey: Guid(ebf56b9e80aed6b46ad66679be48d6dd) Importer(815301076,1909f56bfc062723c751e8b465ee728b)
Start importing Assets/Asset_Store/Lowpoly Nature & Village Pack/3D Models using Guid(ebf56b9e80aed6b46ad66679be48d6dd) Importer(815301076,1909f56bfc062723c751e8b465ee728b)  -> (artifact id: '56550a87ef61b35df922c10d871bbdf3') in 0.001441 seconds 
========================================================================
Received Prepare
Registering precompiled user dll's ...
Registered in 0.005519 seconds.
Begin MonoManager ReloadAssembly
Symbol file LoadedFromMemory doesn't match image D:\Honours_Thesis\honours_thesis\Turtle Island\Library\PackageCache\com.unity.visualscripting@1.6.1\Editor\VisualScripting.Core\Dependencies\YamlDotNet\Unity.VisualScripting.YamlDotNet.dll
Symbol file LoadedFromMemory doesn't match image D:\Honours_Thesis\honours_thesis\Turtle Island\Library\PackageCache\com.unity.visualscripting@1.6.1\Editor\VisualScripting.Core\Dependencies\DotNetZip\Unity.VisualScripting.IonicZip.dll
Native extension for WindowsStandalone target not found
Refreshing native plugins compatible for Editor in 0.78 ms, found 3 plugins.
Preloading 0 native plugins for Editor in 0.00 ms.
Mono: successfully reloaded assembly
- Completed reload, in  1.305 seconds
Domain Reload Profiling:
	ReloadAssembly (1305ms)
		BeginReloadAssembly (136ms)
			ExecutionOrderSort (0ms)
			DisableScriptedObjects (5ms)
			BackupInstance (0ms)
			ReleaseScriptingObjects (0ms)
			CreateAndSetChildDomain (52ms)
		EndReloadAssembly (1118ms)
			LoadAssemblies (92ms)
			RebuildTransferFunctionScriptingTraits (0ms)
			SetupTypeCache (321ms)
			ReleaseScriptCaches (1ms)
			RebuildScriptCaches (41ms)
			SetupLoadedEditorAssemblies (575ms)
				LogAssemblyErrors (0ms)
				InitializePlatformSupportModulesInManaged (4ms)
				SetLoadedEditorAssemblies (0ms)
				RefreshPlugins (1ms)
				BeforeProcessingInitializeOnLoad (60ms)
				ProcessInitializeOnLoadAttributes (496ms)
				ProcessInitializeOnLoadMethodAttributes (8ms)
				AfterProcessingInitializeOnLoad (7ms)
				EditorAssembliesLoaded (0ms)
			ExecutionOrderSort2 (0ms)
			AwakeInstancesAfterBackupRestoration (11ms)
Platform modules already initialized, skipping
Refreshing native plugins compatible for Editor in 0.80 ms, found 3 plugins.
Preloading 0 native plugins for Editor in 0.00 ms.
Unloading 4571 Unused Serialized files (Serialized files now loaded: 0)
System memory in use before: 185.8 MB.
System memory in use after: 186.0 MB.

Unloading 20 unused Assets to reduce memory usage. Loaded Objects now: 5219.
Total: 3.229100 ms (FindLiveObjects: 0.300700 ms CreateObjectMapping: 0.213400 ms MarkObjects: 2.646000 ms  DeleteObjects: 0.067900 ms)

AssetImportParameters requested are different than current active one (requested -> active):
  custom:framework-win-MediaFoundation: 216162199b28c13a410421893ffa2e32 -> 
  custom:video-decoder-ogg-theora: a1e56fd34408186e4bbccfd4996cb3dc -> 
  custom:container-muxer-webm: aa71ff27fc2769a1b78a27578f13a17b -> 
  custom:container-demuxer-webm: 4f35f7cbe854078d1ac9338744f61a02 -> 
  custom:container-demuxer-ogg: 62fdf1f143b41e24485cea50d1cbac27 -> 
  custom:video-encoder-webm-vp8: eb34c28f22e8b96e1ab97ce403110664 -> 
  custom:video-decoder-webm-vp8: 9c59270c3fd7afecdb556c50c9e8de78 -> 
  custom:audio-decoder-ogg-vorbis: bf7c407c2cedff20999df2af8eb42d56 -> 
  custom:audio-encoder-webm-vorbis: bf7c407c2cedff20999df2af8eb42d56 -> 
========================================================================
Received Import Request.
  Time since last request: 2824.062522 seconds.
  path: Assets/Asset_Store/Lowpoly Nature & Village Pack/Prefabs/House1.prefab
  artifactKey: Guid(aeae148372547c145be7c7e29bc7a758) Importer(815301076,1909f56bfc062723c751e8b465ee728b)
Start importing Assets/Asset_Store/Lowpoly Nature & Village Pack/Prefabs/House1.prefab using Guid(aeae148372547c145be7c7e29bc7a758) Importer(815301076,1909f56bfc062723c751e8b465ee728b)  -> (artifact id: '7dbd40138cf5c3e70b85183feee23761') in 0.187087 seconds 
========================================================================
Received Import Request.
  Time since last request: 10.357987 seconds.
  path: Assets/Asset_Store/Lowpoly Nature & Village Pack/Prefabs/House1.prefab
  artifactKey: Guid(aeae148372547c145be7c7e29bc7a758) Importer(815301076,1909f56bfc062723c751e8b465ee728b)
Start importing Assets/Asset_Store/Lowpoly Nature & Village Pack/Prefabs/House1.prefab using Guid(aeae148372547c145be7c7e29bc7a758) Importer(815301076,1909f56bfc062723c751e8b465ee728b)  -> (artifact id: '62b2d865781565e69e16503805000426') in 0.012466 seconds 
========================================================================
Received Import Request.
  Time since last request: 9.868720 seconds.
  path: Assets/Asset_Store/Lowpoly Nature & Village Pack/Prefabs/House1.prefab
  artifactKey: Guid(aeae148372547c145be7c7e29bc7a758) Importer(815301076,1909f56bfc062723c751e8b465ee728b)
Start importing Assets/Asset_Store/Lowpoly Nature & Village Pack/Prefabs/House1.prefab using Guid(aeae148372547c145be7c7e29bc7a758) Importer(815301076,1909f56bfc062723c751e8b465ee728b)  -> (artifact id: 'c0fb383b9ddb4ddddd4a861d62243cf9') in 0.008249 seconds 
========================================================================
Received Import Request.
  Time since last request: 5.205322 seconds.
  path: Assets/Asset_Store/Lowpoly Nature & Village Pack/Prefabs/House1.prefab
  artifactKey: Guid(aeae148372547c145be7c7e29bc7a758) Importer(815301076,1909f56bfc062723c751e8b465ee728b)
Start importing Assets/Asset_Store/Lowpoly Nature & Village Pack/Prefabs/House1.prefab using Guid(aeae148372547c145be7c7e29bc7a758) Importer(815301076,1909f56bfc062723c751e8b465ee728b)  -> (artifact id: 'b95d318e9b259532e9f04efb0343e879') in 0.009023 seconds 
========================================================================
Received Import Request.
  Time since last request: 5.408281 seconds.
  path: Assets/Asset_Store/Lowpoly Nature & Village Pack/Prefabs/House1.prefab
  artifactKey: Guid(aeae148372547c145be7c7e29bc7a758) Importer(815301076,1909f56bfc062723c751e8b465ee728b)
Start importing Assets/Asset_Store/Lowpoly Nature & Village Pack/Prefabs/House1.prefab using Guid(aeae148372547c145be7c7e29bc7a758) Importer(815301076,1909f56bfc062723c751e8b465ee728b)  -> (artifact id: '3d6d2f7aa548e574780fd3ec86fd7f67') in 0.018152 seconds 
========================================================================
Received Import Request.
  Time since last request: 2.777710 seconds.
  path: Assets/Asset_Store/Lowpoly Nature & Village Pack/Prefabs/House1.prefab
  artifactKey: Guid(aeae148372547c145be7c7e29bc7a758) Importer(815301076,1909f56bfc062723c751e8b465ee728b)
Start importing Assets/Asset_Store/Lowpoly Nature & Village Pack/Prefabs/House1.prefab using Guid(aeae148372547c145be7c7e29bc7a758) Importer(815301076,1909f56bfc062723c751e8b465ee728b)  -> (artifact id: 'a10c41a253bd7c8c327b82568706a03b') in 0.007765 seconds 
========================================================================
Received Import Request.
  Time since last request: 3.839489 seconds.
  path: Assets/Asset_Store/Lowpoly Nature & Village Pack/Prefabs/House1.prefab
  artifactKey: Guid(aeae148372547c145be7c7e29bc7a758) Importer(815301076,1909f56bfc062723c751e8b465ee728b)
Start importing Assets/Asset_Store/Lowpoly Nature & Village Pack/Prefabs/House1.prefab using Guid(aeae148372547c145be7c7e29bc7a758) Importer(815301076,1909f56bfc062723c751e8b465ee728b)  -> (artifact id: 'f409c7fb3567878ffc5c4369913e7ba5') in 0.007671 seconds 
========================================================================
Received Import Request.
  Time since last request: 4.202316 seconds.
  path: Assets/Asset_Store/Lowpoly Nature & Village Pack/Prefabs/House1.prefab
  artifactKey: Guid(aeae148372547c145be7c7e29bc7a758) Importer(815301076,1909f56bfc062723c751e8b465ee728b)
Start importing Assets/Asset_Store/Lowpoly Nature & Village Pack/Prefabs/House1.prefab using Guid(aeae148372547c145be7c7e29bc7a758) Importer(815301076,1909f56bfc062723c751e8b465ee728b)  -> (artifact id: '6671a03889ad7f8694e80fb0e63d450f') in 0.008376 seconds 
========================================================================
Received Import Request.
  Time since last request: 28.976003 seconds.
  path: Assets/Asset_Store/Lowpoly Nature & Village Pack/Prefabs/House2.prefab
  artifactKey: Guid(08b4dda652360224a89d540c7f13c3d7) Importer(815301076,1909f56bfc062723c751e8b465ee728b)
Start importing Assets/Asset_Store/Lowpoly Nature & Village Pack/Prefabs/House2.prefab using Guid(08b4dda652360224a89d540c7f13c3d7) Importer(815301076,1909f56bfc062723c751e8b465ee728b)  -> (artifact id: '700dd3acdfc98ff52ca488ca6e79897f') in 0.017575 seconds 
========================================================================
Received Import Request.
  Time since last request: 7.804580 seconds.
  path: Assets/Asset_Store/Lowpoly Nature & Village Pack/Prefabs/House2.prefab
  artifactKey: Guid(08b4dda652360224a89d540c7f13c3d7) Importer(815301076,1909f56bfc062723c751e8b465ee728b)
Start importing Assets/Asset_Store/Lowpoly Nature & Village Pack/Prefabs/House2.prefab using Guid(08b4dda652360224a89d540c7f13c3d7) Importer(815301076,1909f56bfc062723c751e8b465ee728b)  -> (artifact id: '2e30250fecddcf944f684098f06e6b93') in 0.025098 seconds 
========================================================================
Received Import Request.
  Time since last request: 5.191012 seconds.
  path: Assets/Asset_Store/Lowpoly Nature & Village Pack/Prefabs/House2.prefab
  artifactKey: Guid(08b4dda652360224a89d540c7f13c3d7) Importer(815301076,1909f56bfc062723c751e8b465ee728b)
Start importing Assets/Asset_Store/Lowpoly Nature & Village Pack/Prefabs/House2.prefab using Guid(08b4dda652360224a89d540c7f13c3d7) Importer(815301076,1909f56bfc062723c751e8b465ee728b)  -> (artifact id: '30c0e2a1bfa4401506d978894cccf155') in 0.008724 seconds 
========================================================================
Received Import Request.
  Time since last request: 2.803631 seconds.
  path: Assets/Asset_Store/Lowpoly Nature & Village Pack/Prefabs/House2.prefab
  artifactKey: Guid(08b4dda652360224a89d540c7f13c3d7) Importer(815301076,1909f56bfc062723c751e8b465ee728b)
Start importing Assets/Asset_Store/Lowpoly Nature & Village Pack/Prefabs/House2.prefab using Guid(08b4dda652360224a89d540c7f13c3d7) Importer(815301076,1909f56bfc062723c751e8b465ee728b)  -> (artifact id: 'f2eb9419cfffa5a86b745d198b081cc5') in 0.009513 seconds 
========================================================================
Received Import Request.
  Time since last request: 3.821467 seconds.
  path: Assets/Asset_Store/Lowpoly Nature & Village Pack/Prefabs/House2.prefab
  artifactKey: Guid(08b4dda652360224a89d540c7f13c3d7) Importer(815301076,1909f56bfc062723c751e8b465ee728b)
Start importing Assets/Asset_Store/Lowpoly Nature & Village Pack/Prefabs/House2.prefab using Guid(08b4dda652360224a89d540c7f13c3d7) Importer(815301076,1909f56bfc062723c751e8b465ee728b)  -> (artifact id: 'c2033a7ed72f864f3c76ddc9fcc85f8c') in 0.008247 seconds 
========================================================================
Received Import Request.
  Time since last request: 8.024655 seconds.
  path: Assets/Asset_Store/Lowpoly Nature & Village Pack/Prefabs/House2.prefab
  artifactKey: Guid(08b4dda652360224a89d540c7f13c3d7) Importer(815301076,1909f56bfc062723c751e8b465ee728b)
Start importing Assets/Asset_Store/Lowpoly Nature & Village Pack/Prefabs/House2.prefab using Guid(08b4dda652360224a89d540c7f13c3d7) Importer(815301076,1909f56bfc062723c751e8b465ee728b)  -> (artifact id: '7ec7e625764381fee326c8028c1d9ccc') in 0.009536 seconds 
========================================================================
Received Import Request.
  Time since last request: 4.036379 seconds.
  path: Assets/Asset_Store/Lowpoly Nature & Village Pack/Prefabs/House2.prefab
  artifactKey: Guid(08b4dda652360224a89d540c7f13c3d7) Importer(815301076,1909f56bfc062723c751e8b465ee728b)
Start importing Assets/Asset_Store/Lowpoly Nature & Village Pack/Prefabs/House2.prefab using Guid(08b4dda652360224a89d540c7f13c3d7) Importer(815301076,1909f56bfc062723c751e8b465ee728b)  -> (artifact id: 'dd200a0a9021ac8327ccdd86c966d8fc') in 0.008168 seconds 
========================================================================
Received Import Request.
  Time since last request: 24.634697 seconds.
  path: Assets/Asset_Store/Lowpoly Nature & Village Pack/Prefabs/House3.prefab
  artifactKey: Guid(8fffe6581d8c61b438428d19f3ca3b3a) Importer(815301076,1909f56bfc062723c751e8b465ee728b)
Start importing Assets/Asset_Store/Lowpoly Nature & Village Pack/Prefabs/House3.prefab using Guid(8fffe6581d8c61b438428d19f3ca3b3a) Importer(815301076,1909f56bfc062723c751e8b465ee728b)  -> (artifact id: '9678d4cce709e3d15a3098c920884dd1') in 0.013592 seconds 
========================================================================
Received Import Request.
  Time since last request: 10.121810 seconds.
  path: Assets/Asset_Store/Lowpoly Nature & Village Pack/Prefabs/House3.prefab
  artifactKey: Guid(8fffe6581d8c61b438428d19f3ca3b3a) Importer(815301076,1909f56bfc062723c751e8b465ee728b)
Start importing Assets/Asset_Store/Lowpoly Nature & Village Pack/Prefabs/House3.prefab using Guid(8fffe6581d8c61b438428d19f3ca3b3a) Importer(815301076,1909f56bfc062723c751e8b465ee728b)  -> (artifact id: '21379020addedaeccb389f2d3b1dc1c8') in 0.035834 seconds 
========================================================================
Received Import Request.
  Time since last request: 3.562480 seconds.
  path: Assets/Asset_Store/Lowpoly Nature & Village Pack/Prefabs/House3.prefab
  artifactKey: Guid(8fffe6581d8c61b438428d19f3ca3b3a) Importer(815301076,1909f56bfc062723c751e8b465ee728b)
Start importing Assets/Asset_Store/Lowpoly Nature & Village Pack/Prefabs/House3.prefab using Guid(8fffe6581d8c61b438428d19f3ca3b3a) Importer(815301076,1909f56bfc062723c751e8b465ee728b)  -> (artifact id: 'a80593995d51c4d063e1b3f779d46e49') in 0.015078 seconds 
========================================================================
Received Import Request.
  Time since last request: 5.843394 seconds.
  path: Assets/Asset_Store/Lowpoly Nature & Village Pack/Prefabs/House3.prefab
  artifactKey: Guid(8fffe6581d8c61b438428d19f3ca3b3a) Importer(815301076,1909f56bfc062723c751e8b465ee728b)
Start importing Assets/Asset_Store/Lowpoly Nature & Village Pack/Prefabs/House3.prefab using Guid(8fffe6581d8c61b438428d19f3ca3b3a) Importer(815301076,1909f56bfc062723c751e8b465ee728b)  -> (artifact id: 'f59326425713f2edc29fb55a1b60aaba') in 0.008684 seconds 
========================================================================
Received Import Request.
  Time since last request: 2.791161 seconds.
  path: Assets/Asset_Store/Lowpoly Nature & Village Pack/Prefabs/House3.prefab
  artifactKey: Guid(8fffe6581d8c61b438428d19f3ca3b3a) Importer(815301076,1909f56bfc062723c751e8b465ee728b)
Start importing Assets/Asset_Store/Lowpoly Nature & Village Pack/Prefabs/House3.prefab using Guid(8fffe6581d8c61b438428d19f3ca3b3a) Importer(815301076,1909f56bfc062723c751e8b465ee728b)  -> (artifact id: '38fdeb41c7badbb663844db5551ab57b') in 0.009229 seconds 
========================================================================
Received Import Request.
  Time since last request: 3.810433 seconds.
  path: Assets/Asset_Store/Lowpoly Nature & Village Pack/Prefabs/House3.prefab
  artifactKey: Guid(8fffe6581d8c61b438428d19f3ca3b3a) Importer(815301076,1909f56bfc062723c751e8b465ee728b)
Start importing Assets/Asset_Store/Lowpoly Nature & Village Pack/Prefabs/House3.prefab using Guid(8fffe6581d8c61b438428d19f3ca3b3a) Importer(815301076,1909f56bfc062723c751e8b465ee728b)  -> (artifact id: '1ea03680f6fb981a567c0b86076dee62') in 0.008991 seconds 
========================================================================
Received Import Request.
  Time since last request: 22.143527 seconds.
  path: Assets/Asset_Store/Lowpoly Nature & Village Pack/Prefabs/House3.prefab
  artifactKey: Guid(8fffe6581d8c61b438428d19f3ca3b3a) Importer(815301076,1909f56bfc062723c751e8b465ee728b)
Start importing Assets/Asset_Store/Lowpoly Nature & Village Pack/Prefabs/House3.prefab using Guid(8fffe6581d8c61b438428d19f3ca3b3a) Importer(815301076,1909f56bfc062723c751e8b465ee728b)  -> (artifact id: 'be727158f576a771c4994352984602b2') in 0.019680 seconds 
========================================================================
Received Import Request.
  Time since last request: 7.035580 seconds.
  path: Assets/Asset_Store/Lowpoly Nature & Village Pack/Prefabs/House3.prefab
  artifactKey: Guid(8fffe6581d8c61b438428d19f3ca3b3a) Importer(815301076,1909f56bfc062723c751e8b465ee728b)
Start importing Assets/Asset_Store/Lowpoly Nature & Village Pack/Prefabs/House3.prefab using Guid(8fffe6581d8c61b438428d19f3ca3b3a) Importer(815301076,1909f56bfc062723c751e8b465ee728b)  -> (artifact id: 'f709c795b5057f58db7c183da75b51ba') in 0.008391 seconds 
========================================================================
Received Import Request.
  Time since last request: 13.800699 seconds.
  path: Assets/Asset_Store/Lowpoly Nature & Village Pack/Prefabs/House3.prefab
  artifactKey: Guid(8fffe6581d8c61b438428d19f3ca3b3a) Importer(815301076,1909f56bfc062723c751e8b465ee728b)
Start importing Assets/Asset_Store/Lowpoly Nature & Village Pack/Prefabs/House3.prefab using Guid(8fffe6581d8c61b438428d19f3ca3b3a) Importer(815301076,1909f56bfc062723c751e8b465ee728b)  -> (artifact id: '400671856f9b904f46d152ae6a06c385') in 0.009144 seconds 
========================================================================
Received Import Request.
  Time since last request: 4.014612 seconds.
  path: Assets/Asset_Store/Lowpoly Nature & Village Pack/Prefabs/House3.prefab
  artifactKey: Guid(8fffe6581d8c61b438428d19f3ca3b3a) Importer(815301076,1909f56bfc062723c751e8b465ee728b)
Start importing Assets/Asset_Store/Lowpoly Nature & Village Pack/Prefabs/House3.prefab using Guid(8fffe6581d8c61b438428d19f3ca3b3a) Importer(815301076,1909f56bfc062723c751e8b465ee728b)  -> (artifact id: '2e17d99cf9af5199dafb16874862a6e6') in 0.010021 seconds 
========================================================================
Received Import Request.
  Time since last request: 1.813572 seconds.
  path: Assets/Asset_Store/Lowpoly Nature & Village Pack/Prefabs/House3.prefab
  artifactKey: Guid(8fffe6581d8c61b438428d19f3ca3b3a) Importer(815301076,1909f56bfc062723c751e8b465ee728b)
Start importing Assets/Asset_Store/Lowpoly Nature & Village Pack/Prefabs/House3.prefab using Guid(8fffe6581d8c61b438428d19f3ca3b3a) Importer(815301076,1909f56bfc062723c751e8b465ee728b)  -> (artifact id: '0144cbb54110c9906229ecc5473b8ebd') in 0.011366 seconds 
========================================================================
Received Import Request.
  Time since last request: 4.499706 seconds.
  path: Assets/Asset_Store/Lowpoly Nature & Village Pack/Prefabs/House3.prefab
  artifactKey: Guid(8fffe6581d8c61b438428d19f3ca3b3a) Importer(815301076,1909f56bfc062723c751e8b465ee728b)
Start importing Assets/Asset_Store/Lowpoly Nature & Village Pack/Prefabs/House3.prefab using Guid(8fffe6581d8c61b438428d19f3ca3b3a) Importer(815301076,1909f56bfc062723c751e8b465ee728b)  -> (artifact id: '87c193bb17bb3edb228f0b63fdfafa87') in 0.010225 seconds 
========================================================================
Received Import Request.
  Time since last request: 8.304423 seconds.
  path: Assets/Asset_Store/Lowpoly Nature & Village Pack/Prefabs/House3.prefab
  artifactKey: Guid(8fffe6581d8c61b438428d19f3ca3b3a) Importer(815301076,1909f56bfc062723c751e8b465ee728b)
Start importing Assets/Asset_Store/Lowpoly Nature & Village Pack/Prefabs/House3.prefab using Guid(8fffe6581d8c61b438428d19f3ca3b3a) Importer(815301076,1909f56bfc062723c751e8b465ee728b)  -> (artifact id: '5803b9bdd7f08cef70fcb14e8b792c3e') in 0.008040 seconds 
========================================================================
Received Import Request.
  Time since last request: 6.642607 seconds.
  path: Assets/Asset_Store/Lowpoly Nature & Village Pack/Prefabs/House3.prefab
  artifactKey: Guid(8fffe6581d8c61b438428d19f3ca3b3a) Importer(815301076,1909f56bfc062723c751e8b465ee728b)
Start importing Assets/Asset_Store/Lowpoly Nature & Village Pack/Prefabs/House3.prefab using Guid(8fffe6581d8c61b438428d19f3ca3b3a) Importer(815301076,1909f56bfc062723c751e8b465ee728b)  -> (artifact id: '6c3fcb1d81d30446e0159dd5a21f97ee') in 0.011084 seconds 
========================================================================
Received Import Request.
  Time since last request: 40.277268 seconds.
  path: Assets/Asset_Store/Lowpoly Nature & Village Pack/Prefabs/House3.prefab
  artifactKey: Guid(8fffe6581d8c61b438428d19f3ca3b3a) Importer(815301076,1909f56bfc062723c751e8b465ee728b)
Start importing Assets/Asset_Store/Lowpoly Nature & Village Pack/Prefabs/House3.prefab using Guid(8fffe6581d8c61b438428d19f3ca3b3a) Importer(815301076,1909f56bfc062723c751e8b465ee728b)  -> (artifact id: '0e9723ec6fc3fd3e98955d2bd4322d95') in 0.009033 seconds 
========================================================================
Received Import Request.
  Time since last request: 8.944667 seconds.
  path: Assets/Asset_Store/Lowpoly Nature & Village Pack/Prefabs/House3.prefab
  artifactKey: Guid(8fffe6581d8c61b438428d19f3ca3b3a) Importer(815301076,1909f56bfc062723c751e8b465ee728b)
Start importing Assets/Asset_Store/Lowpoly Nature & Village Pack/Prefabs/House3.prefab using Guid(8fffe6581d8c61b438428d19f3ca3b3a) Importer(815301076,1909f56bfc062723c751e8b465ee728b)  -> (artifact id: 'a5e9f42b237f0ebb37e8fd6b964f7ae0') in 0.009031 seconds 
========================================================================
Received Import Request.
  Time since last request: 3.879472 seconds.
  path: Assets/Asset_Store/Lowpoly Nature & Village Pack/Prefabs/House3.prefab
  artifactKey: Guid(8fffe6581d8c61b438428d19f3ca3b3a) Importer(815301076,1909f56bfc062723c751e8b465ee728b)
Start importing Assets/Asset_Store/Lowpoly Nature & Village Pack/Prefabs/House3.prefab using Guid(8fffe6581d8c61b438428d19f3ca3b3a) Importer(815301076,1909f56bfc062723c751e8b465ee728b)  -> (artifact id: 'b6ebd63e6f9959838f854f421b428caa') in 0.015412 seconds 
========================================================================
Received Import Request.
  Time since last request: 3.011677 seconds.
  path: Assets/Asset_Store/Lowpoly Nature & Village Pack/Prefabs/House3.prefab
  artifactKey: Guid(8fffe6581d8c61b438428d19f3ca3b3a) Importer(815301076,1909f56bfc062723c751e8b465ee728b)
Start importing Assets/Asset_Store/Lowpoly Nature & Village Pack/Prefabs/House3.prefab using Guid(8fffe6581d8c61b438428d19f3ca3b3a) Importer(815301076,1909f56bfc062723c751e8b465ee728b)  -> (artifact id: '952e09698b1bb596727e7500bc2bf191') in 0.018298 seconds 
========================================================================
Received Import Request.
  Time since last request: 4.875430 seconds.
  path: Assets/Asset_Store/Lowpoly Nature & Village Pack/Prefabs/House3.prefab
  artifactKey: Guid(8fffe6581d8c61b438428d19f3ca3b3a) Importer(815301076,1909f56bfc062723c751e8b465ee728b)
Start importing Assets/Asset_Store/Lowpoly Nature & Village Pack/Prefabs/House3.prefab using Guid(8fffe6581d8c61b438428d19f3ca3b3a) Importer(815301076,1909f56bfc062723c751e8b465ee728b)  -> (artifact id: '84b1af3bf8aee2d22f7d8a0894d34ce0') in 0.008652 seconds 
========================================================================
Received Import Request.
  Time since last request: 3.472932 seconds.
  path: Assets/Asset_Store/Lowpoly Nature & Village Pack/Prefabs/House3.prefab
  artifactKey: Guid(8fffe6581d8c61b438428d19f3ca3b3a) Importer(815301076,1909f56bfc062723c751e8b465ee728b)
Start importing Assets/Asset_Store/Lowpoly Nature & Village Pack/Prefabs/House3.prefab using Guid(8fffe6581d8c61b438428d19f3ca3b3a) Importer(815301076,1909f56bfc062723c751e8b465ee728b)  -> (artifact id: 'c15499be3f77350f1987e7f1187a2485') in 0.008523 seconds 
========================================================================
Received Import Request.
  Time since last request: 4.714451 seconds.
  path: Assets/Asset_Store/Lowpoly Nature & Village Pack/Prefabs/House3.prefab
  artifactKey: Guid(8fffe6581d8c61b438428d19f3ca3b3a) Importer(815301076,1909f56bfc062723c751e8b465ee728b)
Start importing Assets/Asset_Store/Lowpoly Nature & Village Pack/Prefabs/House3.prefab using Guid(8fffe6581d8c61b438428d19f3ca3b3a) Importer(815301076,1909f56bfc062723c751e8b465ee728b)  -> (artifact id: '1906efe42a12f781d59c54308fe1b05b') in 0.011553 seconds 
========================================================================
Received Import Request.
  Time since last request: 4.480735 seconds.
  path: Assets/Asset_Store/Lowpoly Nature & Village Pack/Prefabs/House3.prefab
  artifactKey: Guid(8fffe6581d8c61b438428d19f3ca3b3a) Importer(815301076,1909f56bfc062723c751e8b465ee728b)
Start importing Assets/Asset_Store/Lowpoly Nature & Village Pack/Prefabs/House3.prefab using Guid(8fffe6581d8c61b438428d19f3ca3b3a) Importer(815301076,1909f56bfc062723c751e8b465ee728b)  -> (artifact id: 'd10d1866a9a569d72422627fcb1e5e69') in 0.008504 seconds 
========================================================================
Received Import Request.
  Time since last request: 2.644567 seconds.
  path: Assets/Asset_Store/Lowpoly Nature & Village Pack/Prefabs/House3.prefab
  artifactKey: Guid(8fffe6581d8c61b438428d19f3ca3b3a) Importer(815301076,1909f56bfc062723c751e8b465ee728b)
Start importing Assets/Asset_Store/Lowpoly Nature & Village Pack/Prefabs/House3.prefab using Guid(8fffe6581d8c61b438428d19f3ca3b3a) Importer(815301076,1909f56bfc062723c751e8b465ee728b)  -> (artifact id: '9f44e8ae42528733ce607ca2e1e92dfe') in 0.008329 seconds 
========================================================================
Received Import Request.
  Time since last request: 5.486571 seconds.
  path: Assets/Asset_Store/Lowpoly Nature & Village Pack/Prefabs/House3.prefab
  artifactKey: Guid(8fffe6581d8c61b438428d19f3ca3b3a) Importer(815301076,1909f56bfc062723c751e8b465ee728b)
Start importing Assets/Asset_Store/Lowpoly Nature & Village Pack/Prefabs/House3.prefab using Guid(8fffe6581d8c61b438428d19f3ca3b3a) Importer(815301076,1909f56bfc062723c751e8b465ee728b)  -> (artifact id: '878dca3e0283cab6aff2d561b4c263c8') in 0.013281 seconds 
========================================================================
Received Import Request.
  Time since last request: 41.049123 seconds.
  path: Assets/Asset_Store/Lowpoly Nature & Village Pack/Prefabs/Fence.prefab
  artifactKey: Guid(a58c8bcd22bee1f4cb166841254a2ea4) Importer(815301076,1909f56bfc062723c751e8b465ee728b)
Start importing Assets/Asset_Store/Lowpoly Nature & Village Pack/Prefabs/Fence.prefab using Guid(a58c8bcd22bee1f4cb166841254a2ea4) Importer(815301076,1909f56bfc062723c751e8b465ee728b)  -> (artifact id: 'f335a7d16bf5c5fd2320cc6d82c221ba') in 0.009014 seconds 
========================================================================
Received Import Request.
  Time since last request: 9.080073 seconds.
  path: Assets/Asset_Store/Lowpoly Nature & Village Pack/Prefabs/Fence.prefab
  artifactKey: Guid(a58c8bcd22bee1f4cb166841254a2ea4) Importer(815301076,1909f56bfc062723c751e8b465ee728b)
Start importing Assets/Asset_Store/Lowpoly Nature & Village Pack/Prefabs/Fence.prefab using Guid(a58c8bcd22bee1f4cb166841254a2ea4) Importer(815301076,1909f56bfc062723c751e8b465ee728b)  -> (artifact id: '05f863e69182b129fe3407e0d129c924') in 0.007035 seconds 
========================================================================
Received Import Request.
  Time since last request: 2.415508 seconds.
  path: Assets/Asset_Store/Lowpoly Nature & Village Pack/Prefabs/Fence.prefab
  artifactKey: Guid(a58c8bcd22bee1f4cb166841254a2ea4) Importer(815301076,1909f56bfc062723c751e8b465ee728b)
Start importing Assets/Asset_Store/Lowpoly Nature & Village Pack/Prefabs/Fence.prefab using Guid(a58c8bcd22bee1f4cb166841254a2ea4) Importer(815301076,1909f56bfc062723c751e8b465ee728b)  -> (artifact id: 'f4347b1ee3c090ac887436ad9fbd75a3') in 0.026114 seconds 
========================================================================
Received Import Request.
  Time since last request: 6.014297 seconds.
  path: Assets/Asset_Store/Lowpoly Nature & Village Pack/Prefabs/Fence.prefab
  artifactKey: Guid(a58c8bcd22bee1f4cb166841254a2ea4) Importer(815301076,1909f56bfc062723c751e8b465ee728b)
Start importing Assets/Asset_Store/Lowpoly Nature & Village Pack/Prefabs/Fence.prefab using Guid(a58c8bcd22bee1f4cb166841254a2ea4) Importer(815301076,1909f56bfc062723c751e8b465ee728b)  -> (artifact id: '67add2c9e6bb3331fc2c49b22799bd61') in 0.008209 seconds 
========================================================================
Received Import Request.
  Time since last request: 3.403154 seconds.
  path: Assets/Asset_Store/Lowpoly Nature & Village Pack/Prefabs/Fence.prefab
  artifactKey: Guid(a58c8bcd22bee1f4cb166841254a2ea4) Importer(815301076,1909f56bfc062723c751e8b465ee728b)
Start importing Assets/Asset_Store/Lowpoly Nature & Village Pack/Prefabs/Fence.prefab using Guid(a58c8bcd22bee1f4cb166841254a2ea4) Importer(815301076,1909f56bfc062723c751e8b465ee728b)  -> (artifact id: '6b1d75f35ddbc7e642d2dfe877533e0c') in 0.006650 seconds 
========================================================================
Received Prepare
Registering precompiled user dll's ...
Registered in 0.005811 seconds.
Begin MonoManager ReloadAssembly
Symbol file LoadedFromMemory doesn't match image D:\Honours_Thesis\honours_thesis\Turtle Island\Library\PackageCache\com.unity.visualscripting@1.6.1\Editor\VisualScripting.Core\Dependencies\YamlDotNet\Unity.VisualScripting.YamlDotNet.dll
Symbol file LoadedFromMemory doesn't match image D:\Honours_Thesis\honours_thesis\Turtle Island\Library\PackageCache\com.unity.visualscripting@1.6.1\Editor\VisualScripting.Core\Dependencies\DotNetZip\Unity.VisualScripting.IonicZip.dll
Native extension for WindowsStandalone target not found
Refreshing native plugins compatible for Editor in 0.82 ms, found 3 plugins.
Preloading 0 native plugins for Editor in 0.00 ms.
Mono: successfully reloaded assembly
- Completed reload, in  1.746 seconds
Domain Reload Profiling:
	ReloadAssembly (1746ms)
		BeginReloadAssembly (148ms)
			ExecutionOrderSort (0ms)
			DisableScriptedObjects (7ms)
			BackupInstance (0ms)
			ReleaseScriptingObjects (0ms)
			CreateAndSetChildDomain (48ms)
		EndReloadAssembly (1539ms)
			LoadAssemblies (110ms)
			RebuildTransferFunctionScriptingTraits (0ms)
			SetupTypeCache (502ms)
			ReleaseScriptCaches (1ms)
			RebuildScriptCaches (48ms)
			SetupLoadedEditorAssemblies (752ms)
				LogAssemblyErrors (0ms)
				InitializePlatformSupportModulesInManaged (6ms)
				SetLoadedEditorAssemblies (0ms)
				RefreshPlugins (1ms)
				BeforeProcessingInitializeOnLoad (67ms)
				ProcessInitializeOnLoadAttributes (654ms)
				ProcessInitializeOnLoadMethodAttributes (10ms)
				AfterProcessingInitializeOnLoad (12ms)
				EditorAssembliesLoaded (1ms)
			ExecutionOrderSort2 (0ms)
			AwakeInstancesAfterBackupRestoration (18ms)
Platform modules already initialized, skipping
Refreshing native plugins compatible for Editor in 0.90 ms, found 3 plugins.
Preloading 0 native plugins for Editor in 0.00 ms.
Unloading 4570 Unused Serialized files (Serialized files now loaded: 0)
System memory in use before: 192.1 MB.
System memory in use after: 192.3 MB.

Unloading 20 unused Assets to reduce memory usage. Loaded Objects now: 5267.
Total: 4.985900 ms (FindLiveObjects: 0.424500 ms CreateObjectMapping: 0.412400 ms MarkObjects: 4.062200 ms  DeleteObjects: 0.085400 ms)

AssetImportParameters requested are different than current active one (requested -> active):
  custom:framework-win-MediaFoundation: 216162199b28c13a410421893ffa2e32 -> 
  custom:video-decoder-ogg-theora: a1e56fd34408186e4bbccfd4996cb3dc -> 
  custom:container-muxer-webm: aa71ff27fc2769a1b78a27578f13a17b -> 
  custom:container-demuxer-webm: 4f35f7cbe854078d1ac9338744f61a02 -> 
  custom:container-demuxer-ogg: 62fdf1f143b41e24485cea50d1cbac27 -> 
  custom:video-encoder-webm-vp8: eb34c28f22e8b96e1ab97ce403110664 -> 
  custom:video-decoder-webm-vp8: 9c59270c3fd7afecdb556c50c9e8de78 -> 
  custom:audio-decoder-ogg-vorbis: bf7c407c2cedff20999df2af8eb42d56 -> 
  custom:audio-encoder-webm-vorbis: bf7c407c2cedff20999df2af8eb42d56 -> 
========================================================================
Received Prepare
Registering precompiled user dll's ...
Registered in 0.005512 seconds.
Begin MonoManager ReloadAssembly
Symbol file LoadedFromMemory doesn't match image D:\Honours_Thesis\honours_thesis\Turtle Island\Library\PackageCache\com.unity.visualscripting@1.6.1\Editor\VisualScripting.Core\Dependencies\YamlDotNet\Unity.VisualScripting.YamlDotNet.dll
Symbol file LoadedFromMemory doesn't match image D:\Honours_Thesis\honours_thesis\Turtle Island\Library\PackageCache\com.unity.visualscripting@1.6.1\Editor\VisualScripting.Core\Dependencies\DotNetZip\Unity.VisualScripting.IonicZip.dll
Native extension for WindowsStandalone target not found
Refreshing native plugins compatible for Editor in 1.23 ms, found 3 plugins.
Preloading 0 native plugins for Editor in 0.00 ms.
Mono: successfully reloaded assembly
- Completed reload, in  4.076 seconds
Domain Reload Profiling:
	ReloadAssembly (4076ms)
		BeginReloadAssembly (136ms)
			ExecutionOrderSort (0ms)
			DisableScriptedObjects (5ms)
			BackupInstance (0ms)
			ReleaseScriptingObjects (0ms)
			CreateAndSetChildDomain (40ms)
		EndReloadAssembly (3883ms)
			LoadAssemblies (126ms)
			RebuildTransferFunctionScriptingTraits (0ms)
			SetupTypeCache (853ms)
			ReleaseScriptCaches (4ms)
			RebuildScriptCaches (108ms)
			SetupLoadedEditorAssemblies (1943ms)
				LogAssemblyErrors (0ms)
				InitializePlatformSupportModulesInManaged (4ms)
				SetLoadedEditorAssemblies (0ms)
				RefreshPlugins (1ms)
				BeforeProcessingInitializeOnLoad (110ms)
				ProcessInitializeOnLoadAttributes (1808ms)
				ProcessInitializeOnLoadMethodAttributes (9ms)
				AfterProcessingInitializeOnLoad (9ms)
				EditorAssembliesLoaded (1ms)
			ExecutionOrderSort2 (0ms)
			AwakeInstancesAfterBackupRestoration (17ms)
Platform modules already initialized, skipping
Refreshing native plugins compatible for Editor in 0.82 ms, found 3 plugins.
Preloading 0 native plugins for Editor in 0.00 ms.
Unloading 4570 Unused Serialized files (Serialized files now loaded: 0)
System memory in use before: 192.2 MB.
System memory in use after: 192.4 MB.

Unloading 20 unused Assets to reduce memory usage. Loaded Objects now: 5269.
Total: 3.469600 ms (FindLiveObjects: 0.325200 ms CreateObjectMapping: 0.209400 ms MarkObjects: 2.817700 ms  DeleteObjects: 0.116100 ms)

AssetImportParameters requested are different than current active one (requested -> active):
  custom:framework-win-MediaFoundation: 216162199b28c13a410421893ffa2e32 -> 
  custom:video-decoder-ogg-theora: a1e56fd34408186e4bbccfd4996cb3dc -> 
  custom:container-muxer-webm: aa71ff27fc2769a1b78a27578f13a17b -> 
  custom:container-demuxer-webm: 4f35f7cbe854078d1ac9338744f61a02 -> 
  custom:container-demuxer-ogg: 62fdf1f143b41e24485cea50d1cbac27 -> 
  custom:video-encoder-webm-vp8: eb34c28f22e8b96e1ab97ce403110664 -> 
  custom:video-decoder-webm-vp8: 9c59270c3fd7afecdb556c50c9e8de78 -> 
  custom:audio-decoder-ogg-vorbis: bf7c407c2cedff20999df2af8eb42d56 -> 
  custom:audio-encoder-webm-vorbis: bf7c407c2cedff20999df2af8eb42d56 -> 
========================================================================
Received Import Request.
  Time since last request: 1353.399946 seconds.
  path: Assets/Island.asset
  artifactKey: Guid(309f903c62283ab40880fdd116c95477) Importer(815301076,1909f56bfc062723c751e8b465ee728b)
Start importing Assets/Island.asset using Guid(309f903c62283ab40880fdd116c95477) Importer(815301076,1909f56bfc062723c751e8b465ee728b) The tree PP_Birch_Tree_05 must use the Nature/Soft Occlusion shader. Otherwise billboarding/lighting will not work correctly.
The tree PP_Birch_Tree_06 must use the Nature/Soft Occlusion shader. Otherwise billboarding/lighting will not work correctly.
The tree PP_Tree_02 must use the Nature/Soft Occlusion shader. Otherwise billboarding/lighting will not work correctly.
The tree PP_Tree_10 must use the Nature/Soft Occlusion shader. Otherwise billboarding/lighting will not work correctly.
 -> (artifact id: '0211c0639ee6356ab3f3a91444bed99e') in 0.076918 seconds 
========================================================================
Received Prepare
Registering precompiled user dll's ...
Registered in 0.006276 seconds.
Begin MonoManager ReloadAssembly
Symbol file LoadedFromMemory doesn't match image D:\Honours_Thesis\honours_thesis\Turtle Island\Library\PackageCache\com.unity.visualscripting@1.6.1\Editor\VisualScripting.Core\Dependencies\YamlDotNet\Unity.VisualScripting.YamlDotNet.dll
Symbol file LoadedFromMemory doesn't match image D:\Honours_Thesis\honours_thesis\Turtle Island\Library\PackageCache\com.unity.visualscripting@1.6.1\Editor\VisualScripting.Core\Dependencies\DotNetZip\Unity.VisualScripting.IonicZip.dll
Native extension for WindowsStandalone target not found
Refreshing native plugins compatible for Editor in 0.85 ms, found 3 plugins.
Preloading 0 native plugins for Editor in 0.00 ms.
[ScriptCompilation] NOT recompiling all scripts because this is an import worker process. Reason to compile was: Define symbols changed
System.Reflection.TargetInvocationException: Exception has been thrown by the target of an invocation. ---> System.NullReferenceException: Object reference not set to an instance of an object
  at StarterAssets.PackageChecker.CheckPackage () [0x001c2] in D:\Honours_Thesis\honours_thesis\Turtle Island\Assets\StarterAssets\Editor\PackageChecker\PackageChecker.cs:105 
  at (wrapper managed-to-native) System.Reflection.MonoMethod.InternalInvoke(System.Reflection.MonoMethod,object,object[],System.Exception&)
  at System.Reflection.MonoMethod.Invoke (System.Object obj, System.Reflection.BindingFlags invokeAttr, System.Reflection.Binder binder, System.Object[] parameters, System.Globalization.CultureInfo culture) [0x00032] in <695d1cc93cca45069c528c15c9fdd749>:0 
   --- End of inner exception stack trace ---
  at System.Reflection.MonoMethod.Invoke (System.Object obj, System.Reflection.BindingFlags invokeAttr, System.Reflection.Binder binder, System.Object[] parameters, System.Globalization.CultureInfo culture) [0x00048] in <695d1cc93cca45069c528c15c9fdd749>:0 
  at System.Reflection.MethodBase.Invoke (System.Object obj, System.Object[] parameters) [0x00000] in <695d1cc93cca45069c528c15c9fdd749>:0 
  at UnityEditor.EditorAssemblies.ProcessInitializeOnLoadMethodAttributes () [0x00047] in <fea4138086dc4e42a285e0e1e88527ef>:0 
UnityEngine.StackTraceUtility:ExtractStackTrace ()
UnityEngine.DebugLogHandler:LogFormat (UnityEngine.LogType,UnityEngine.Object,string,object[])
UnityEngine.Logger:Log (UnityEngine.LogType,object)
UnityEngine.Debug:LogError (object)
UnityEditor.EditorAssemblies:ProcessInitializeOnLoadMethodAttributes ()

Mono: successfully reloaded assembly
- Completed reload, in  1.528 seconds
Domain Reload Profiling:
	ReloadAssembly (1529ms)
		BeginReloadAssembly (139ms)
			ExecutionOrderSort (0ms)
			DisableScriptedObjects (5ms)
			BackupInstance (0ms)
			ReleaseScriptingObjects (0ms)
			CreateAndSetChildDomain (48ms)
		EndReloadAssembly (1335ms)
			LoadAssemblies (132ms)
			RebuildTransferFunctionScriptingTraits (0ms)
			SetupTypeCache (346ms)
			ReleaseScriptCaches (2ms)
			RebuildScriptCaches (44ms)
			SetupLoadedEditorAssemblies (692ms)
				LogAssemblyErrors (0ms)
				InitializePlatformSupportModulesInManaged (4ms)
				SetLoadedEditorAssemblies (0ms)
				RefreshPlugins (1ms)
				BeforeProcessingInitializeOnLoad (65ms)
				ProcessInitializeOnLoadAttributes (580ms)
				ProcessInitializeOnLoadMethodAttributes (33ms)
				AfterProcessingInitializeOnLoad (8ms)
				EditorAssembliesLoaded (0ms)
			ExecutionOrderSort2 (0ms)
			AwakeInstancesAfterBackupRestoration (17ms)
Platform modules already initialized, skipping
Refreshing native plugins compatible for Editor in 0.80 ms, found 3 plugins.
Preloading 0 native plugins for Editor in 0.00 ms.
Unloading 4585 Unused Serialized files (Serialized files now loaded: 0)
System memory in use before: 197.0 MB.
System memory in use after: 196.4 MB.

Unloading 22 unused Assets to reduce memory usage. Loaded Objects now: 5313.
Total: 3.618800 ms (FindLiveObjects: 0.313500 ms CreateObjectMapping: 0.232500 ms MarkObjects: 2.753400 ms  DeleteObjects: 0.318700 ms)

AssetImportParameters requested are different than current active one (requested -> active):
  custom:framework-win-MediaFoundation: 216162199b28c13a410421893ffa2e32 -> 
  custom:video-decoder-ogg-theora: a1e56fd34408186e4bbccfd4996cb3dc -> 
  custom:container-muxer-webm: aa71ff27fc2769a1b78a27578f13a17b -> 
  custom:container-demuxer-webm: 4f35f7cbe854078d1ac9338744f61a02 -> 
  custom:container-demuxer-ogg: 62fdf1f143b41e24485cea50d1cbac27 -> 
  custom:video-encoder-webm-vp8: eb34c28f22e8b96e1ab97ce403110664 -> 
  custom:video-decoder-webm-vp8: 9c59270c3fd7afecdb556c50c9e8de78 -> 
  custom:audio-decoder-ogg-vorbis: bf7c407c2cedff20999df2af8eb42d56 -> 
  custom:audio-encoder-webm-vorbis: bf7c407c2cedff20999df2af8eb42d56 -> 
========================================================================
Received Prepare
Registering precompiled user dll's ...
Registered in 0.005463 seconds.
Begin MonoManager ReloadAssembly
Symbol file LoadedFromMemory doesn't match image D:\Honours_Thesis\honours_thesis\Turtle Island\Library\PackageCache\com.unity.visualscripting@1.6.1\Editor\VisualScripting.Core\Dependencies\YamlDotNet\Unity.VisualScripting.YamlDotNet.dll
Symbol file LoadedFromMemory doesn't match image D:\Honours_Thesis\honours_thesis\Turtle Island\Library\PackageCache\com.unity.visualscripting@1.6.1\Editor\VisualScripting.Core\Dependencies\DotNetZip\Unity.VisualScripting.IonicZip.dll
Native extension for WindowsStandalone target not found
Refreshing native plugins compatible for Editor in 102.15 ms, found 3 plugins.
Preloading 0 native plugins for Editor in 0.00 ms.
Mono: successfully reloaded assembly
- Completed reload, in  0.824 seconds
Domain Reload Profiling:
	ReloadAssembly (825ms)
		BeginReloadAssembly (119ms)
			ExecutionOrderSort (0ms)
			DisableScriptedObjects (5ms)
			BackupInstance (0ms)
			ReleaseScriptingObjects (0ms)
			CreateAndSetChildDomain (36ms)
		EndReloadAssembly (653ms)
			LoadAssemblies (80ms)
			RebuildTransferFunctionScriptingTraits (0ms)
			SetupTypeCache (207ms)
			ReleaseScriptCaches (1ms)
			RebuildScriptCaches (25ms)
			SetupLoadedEditorAssemblies (255ms)
				LogAssemblyErrors (0ms)
				InitializePlatformSupportModulesInManaged (3ms)
				SetLoadedEditorAssemblies (0ms)
				RefreshPlugins (102ms)
				BeforeProcessingInitializeOnLoad (62ms)
				ProcessInitializeOnLoadAttributes (76ms)
				ProcessInitializeOnLoadMethodAttributes (4ms)
				AfterProcessingInitializeOnLoad (7ms)
				EditorAssembliesLoaded (0ms)
			ExecutionOrderSort2 (0ms)
			AwakeInstancesAfterBackupRestoration (11ms)
Platform modules already initialized, skipping
Refreshing native plugins compatible for Editor in 1.03 ms, found 3 plugins.
Preloading 0 native plugins for Editor in 0.00 ms.
Unloading 4880 Unused Serialized files (Serialized files now loaded: 0)
System memory in use before: 203.9 MB.
System memory in use after: 203.5 MB.

Unloading 68 unused Assets to reduce memory usage. Loaded Objects now: 5561.
Total: 4.200900 ms (FindLiveObjects: 0.490600 ms CreateObjectMapping: 0.332800 ms MarkObjects: 2.557400 ms  DeleteObjects: 0.819300 ms)

AssetImportParameters requested are different than current active one (requested -> active):
  custom:framework-win-MediaFoundation: 216162199b28c13a410421893ffa2e32 -> 
  custom:video-decoder-ogg-theora: a1e56fd34408186e4bbccfd4996cb3dc -> 
  custom:container-muxer-webm: aa71ff27fc2769a1b78a27578f13a17b -> 
  custom:container-demuxer-webm: 4f35f7cbe854078d1ac9338744f61a02 -> 
  custom:container-demuxer-ogg: 62fdf1f143b41e24485cea50d1cbac27 -> 
  custom:srp/default-shader: 0000e00a000e0de00000e000e0000000 -> 00a0da0d000000000000000000000000
  custom:video-encoder-webm-vp8: eb34c28f22e8b96e1ab97ce403110664 -> 
  custom:video-decoder-webm-vp8: 9c59270c3fd7afecdb556c50c9e8de78 -> 
  custom:audio-decoder-ogg-vorbis: bf7c407c2cedff20999df2af8eb42d56 -> 
  custom:audio-encoder-webm-vorbis: bf7c407c2cedff20999df2af8eb42d56 -> 
AssetImportWorkerClient::OnTransportError - code=2 error=End of file
